0 info it worked if it ends with ok
1 verbose cli [ 'C:\\Program Files\\nodejs\\\\node.exe',
1 verbose cli   'C:\\Program Files\\nodejs\\node_modules\\npm\\bin\\npm-cli.js',
1 verbose cli   'install',
1 verbose cli   'ngRoute' ]
2 info using npm@1.4.28
3 info using node@v0.10.33
4 verbose node symlink C:\Program Files\nodejs\\node.exe
5 warn package.json clutch@1.0.0 No repository field.
6 verbose readDependencies using package.json deps
7 verbose cache add [ 'ngRoute', null ]
8 verbose cache add name=undefined spec="ngRoute" args=["ngRoute",null]
9 verbose parsed url { protocol: null,
9 verbose parsed url   slashes: null,
9 verbose parsed url   auth: null,
9 verbose parsed url   host: null,
9 verbose parsed url   port: null,
9 verbose parsed url   hostname: null,
9 verbose parsed url   hash: null,
9 verbose parsed url   search: null,
9 verbose parsed url   query: null,
9 verbose parsed url   pathname: 'ngRoute',
9 verbose parsed url   path: 'ngRoute',
9 verbose parsed url   href: 'ngRoute' }
10 silly lockFile dbd4fa39-ngRoute ngRoute
11 verbose lock ngRoute C:\Users\seamane\AppData\Roaming\npm-cache\dbd4fa39-ngRoute.lock
12 silly lockFile dbd4fa39-ngRoute ngRoute
13 silly lockFile dbd4fa39-ngRoute ngRoute
14 verbose addNamed [ 'ngRoute', '' ]
15 verbose addNamed [ null, '*' ]
16 silly lockFile c7fabb91-ngRoute ngRoute@
17 verbose lock ngRoute@ C:\Users\seamane\AppData\Roaming\npm-cache\c7fabb91-ngRoute.lock
18 silly addNameRange { name: 'ngRoute', range: '*', hasData: false }
19 verbose request where is /ngRoute
20 verbose request registry https://registry.npmjs.org/
21 verbose request id a9964ee4e061bcce
22 verbose url raw /ngRoute
23 verbose url resolving [ 'https://registry.npmjs.org/', './ngRoute' ]
24 verbose url resolved https://registry.npmjs.org/ngRoute
25 verbose request where is https://registry.npmjs.org/ngRoute
26 info trying registry request attempt 1 at 21:41:45
27 http GET https://registry.npmjs.org/ngRoute
28 http 404 https://registry.npmjs.org/ngRoute
29 verbose headers { date: 'Tue, 10 Mar 2015 03:41:26 GMT',
29 verbose headers   server: 'CouchDB/1.6.1 (Erlang OTP/R14B04)',
29 verbose headers   'content-type': 'application/json',
29 verbose headers   'cache-control': 'max-age=0',
29 verbose headers   'content-length': '52',
29 verbose headers   'accept-ranges': 'bytes',
29 verbose headers   via: '1.1 varnish',
29 verbose headers   age: '0',
29 verbose headers   'x-served-by': 'cache-sjc3129-SJC',
29 verbose headers   'x-cache': 'MISS',
29 verbose headers   'x-cache-hits': '0',
29 verbose headers   'x-timer': 'S1425958886.765784,VS0,VE91',
29 verbose headers   'keep-alive': 'timeout=10, max=50',
29 verbose headers   connection: 'Keep-Alive' }
30 silly registry.get cb [ 404,
30 silly registry.get   { date: 'Tue, 10 Mar 2015 03:41:26 GMT',
30 silly registry.get     server: 'CouchDB/1.6.1 (Erlang OTP/R14B04)',
30 silly registry.get     'content-type': 'application/json',
30 silly registry.get     'cache-control': 'max-age=0',
30 silly registry.get     'content-length': '52',
30 silly registry.get     'accept-ranges': 'bytes',
30 silly registry.get     via: '1.1 varnish',
30 silly registry.get     age: '0',
30 silly registry.get     'x-served-by': 'cache-sjc3129-SJC',
30 silly registry.get     'x-cache': 'MISS',
30 silly registry.get     'x-cache-hits': '0',
30 silly registry.get     'x-timer': 'S1425958886.765784,VS0,VE91',
30 silly registry.get     'keep-alive': 'timeout=10, max=50',
30 silly registry.get     connection: 'Keep-Alive' } ]
31 silly lockFile c7fabb91-ngRoute ngRoute@
32 silly lockFile c7fabb91-ngRoute ngRoute@
33 error 404 404 Not Found: ngRoute
33 error 404
33 error 404 'ngRoute' is not in the npm registry.
33 error 404 You should bug the author to publish it
33 error 404 It was specified as a dependency of 'clutch'
33 error 404
33 error 404 Note that you can also install from a
33 error 404 tarball, folder, or http url, or git url.
34 error System Windows_NT 6.2.9200
35 error command "C:\\Program Files\\nodejs\\\\node.exe" "C:\\Program Files\\nodejs\\node_modules\\npm\\bin\\npm-cli.js" "install" "ngRoute"
36 error cwd C:\Users\seamane\Documents\Eric\Classes\Winter2015\Papa\Clutch
37 error node -v v0.10.33
38 error npm -v 1.4.28
39 error code E404
40 verbose exit [ 1, true ]
